#
# There is insufficient memory for the Java Runtime Environment to continue.
# Native memory allocation (malloc) failed to allocate 1210176 bytes for Chunk::new
# Possible reasons:
#   The system is out of physical RAM or swap space
#   In 32 bit mode, the process size limit was hit
# Possible solutions:
#   Reduce memory load on the system
#   Increase physical memory or swap space
#   Check if swap backing store is full
#   Use 64 bit Java on a 64 bit OS
#   Decrease Java heap size (-Xmx/-Xms)
#   Decrease number of Java threads
#   Decrease Java thread stack sizes (-Xss)
#   Set larger code cache with -XX:ReservedCodeCacheSize=
# This output file may be truncated or incomplete.
#
#  Out of Memory Error (allocation.cpp:390), pid=7272, tid=0x0000000000000188
#
# JRE version: OpenJDK Runtime Environment (8.0_76-b03) (build 1.8.0_76-release-b03)
# Java VM: OpenJDK 64-Bit Server VM (25.76-b03 mixed mode windows-amd64 compressed oops)
# Failed to write core dump. Minidumps are not enabled by default on client versions of Windows
#

---------------  T H R E A D  ---------------

Current thread (0x0000000018f98000):  JavaThread "C2 CompilerThread0" daemon [_thread_in_native, id=392, stack(0x0000000019610000,0x0000000019710000)]

Stack: [0x0000000019610000,0x0000000019710000]
[error occurred during error reporting (printing stack bounds), id 0xc0000005]

Native frames: (J=compiled Java code, j=interpreted, Vv=VM code, C=native code)


Current CompileTask:
C2:8280526 23552   !   4       com.android.dx.cf.code.Ropper::processBlock (1101 bytes)


---------------  P R O C E S S  ---------------

Java Threads: ( => current thread )
  0x000000001ec60800 JavaThread "pool-83-thread-1" [_thread_in_Java, id=500, stack(0x000000002f570000,0x000000002f670000)]
  0x000000001ec6a000 JavaThread "pool-67-thread-1" [_thread_in_Java, id=10284, stack(0x00000000304a0000,0x00000000305a0000)]
  0x000000001ec69800 JavaThread "pool-87-thread-4" [_thread_blocked, id=8500, stack(0x00000000306a0000,0x00000000307a0000)]
  0x000000001ec65800 JavaThread "pool-87-thread-3" [_thread_in_Java, id=3060, stack(0x00000000303a0000,0x00000000304a0000)]
  0x000000001ec5d800 JavaThread "pool-87-thread-2" [_thread_in_Java, id=5640, stack(0x00000000301a0000,0x00000000302a0000)]
  0x000000001ec64000 JavaThread "pool-88-thread-1" [_thread_blocked, id=3988, stack(0x00000000300a0000,0x00000000301a0000)]
  0x000000001ec62800 JavaThread "pool-87-thread-1" [_thread_in_Java, id=3692, stack(0x000000002f770000,0x000000002f870000)]
  0x000000001ec5f800 JavaThread "pool-66-thread-1" [_thread_in_Java, id=6376, stack(0x000000002f670000,0x000000002f770000)]
  0x0000000023031800 JavaThread "pool-64-thread-4" [_thread_blocked, id=8852, stack(0x000000002fa70000,0x000000002fb70000)]
  0x0000000023031000 JavaThread "pool-64-thread-2" [_thread_blocked, id=6624, stack(0x000000002f970000,0x000000002fa70000)]
  0x0000000023030000 JavaThread "pool-64-thread-3" [_thread_blocked, id=7752, stack(0x000000002f870000,0x000000002f970000)]
  0x000000001a140000 JavaThread "pool-64-thread-1" [_thread_blocked, id=5508, stack(0x000000002d670000,0x000000002d770000)]
  0x000000001a2d4800 JavaThread "stdout" daemon [_thread_in_native, id=3752, stack(0x000000002ee70000,0x000000002ef70000)]
  0x000000001a2d8800 JavaThread "stderr" daemon [_thread_in_native, id=10844, stack(0x000000002ed70000,0x000000002ee70000)]
  0x000000001a2d4000 JavaThread "stdout" daemon [_thread_in_native, id=4356, stack(0x000000002ec70000,0x000000002ed70000)]
  0x000000001a2d5800 JavaThread "stderr" daemon [_thread_in_native, id=7424, stack(0x000000002eb70000,0x000000002ec70000)]
  0x000000001a2d8000 JavaThread "stdout" daemon [_thread_in_native, id=9976, stack(0x000000002ea70000,0x000000002eb70000)]
  0x000000001a2d7000 JavaThread "stderr" daemon [_thread_in_native, id=4524, stack(0x000000002e970000,0x000000002ea70000)]
  0x000000001a2d3000 JavaThread "stdout" daemon [_thread_in_native, id=8424, stack(0x000000002e870000,0x000000002e970000)]
  0x000000001a2d6800 JavaThread "stderr" daemon [_thread_in_native, id=9996, stack(0x000000002e770000,0x000000002e870000)]
  0x000000001a2cb800 JavaThread "stdout" daemon [_thread_in_native, id=3872, stack(0x000000002e670000,0x000000002e770000)]
  0x000000001a2d2800 JavaThread "stderr" daemon [_thread_in_native, id=7624, stack(0x000000002e570000,0x000000002e670000)]
  0x000000001a2cb000 JavaThread "stdout" daemon [_thread_in_native, id=5512, stack(0x000000002e470000,0x000000002e570000)]
  0x000000001a2d1800 JavaThread "stderr" daemon [_thread_in_native, id=4544, stack(0x000000002e370000,0x000000002e470000)]
  0x000000001a2ca000 JavaThread "stdout" daemon [_thread_in_native, id=10428, stack(0x000000002e270000,0x000000002e370000)]
  0x000000001a2d1000 JavaThread "stderr" daemon [_thread_in_native, id=1272, stack(0x000000002e170000,0x000000002e270000)]
  0x000000001a2c9800 JavaThread "stdout" daemon [_thread_in_native, id=9220, stack(0x000000002e070000,0x000000002e170000)]
  0x000000001a2cf800 JavaThread "stderr" daemon [_thread_in_native, id=8716, stack(0x000000002df70000,0x000000002e070000)]
  0x000000001a2d0000 JavaThread "png-cruncher_16" daemon [_thread_blocked, id=10244, stack(0x000000002de70000,0x000000002df70000)]
  0x000000001a2cd000 JavaThread "png-cruncher_15" daemon [_thread_blocked, id=8844, stack(0x000000002dd70000,0x000000002de70000)]
  0x000000001a2ce800 JavaThread "png-cruncher_14" daemon [_thread_blocked, id=7708, stack(0x000000002dc70000,0x000000002dd70000)]
  0x000000001a2ce000 JavaThread "png-cruncher_13" daemon [_thread_blocked, id=9612, stack(0x000000002db70000,0x000000002dc70000)]
  0x000000001a2cc800 JavaThread "png-cruncher_12" daemon [_thread_blocked, id=3996, stack(0x000000002da70000,0x000000002db70000)]
  0x000000001e8ff000 JavaThread "png-cruncher_11" daemon [_thread_blocked, id=8820, stack(0x000000002d970000,0x000000002da70000)]
  0x000000001c974000 JavaThread "png-cruncher_10" daemon [_thread_blocked, id=5896, stack(0x000000002d870000,0x000000002d970000)]
  0x000000001c972000 JavaThread "png-cruncher_9" daemon [_thread_blocked, id=7544, stack(0x000000002d770000,0x000000002d870000)]
  0x000000001c969800 JavaThread "pool-58-thread-8" [_thread_blocked, id=10168, stack(0x000000002d570000,0x000000002d670000)]
  0x000000001c96f800 JavaThread "pool-58-thread-7" [_thread_blocked, id=10820, stack(0x000000002d470000,0x000000002d570000)]
  0x000000001aea0000 JavaThread "pool-58-thread-6" [_thread_blocked, id=1944, stack(0x000000002d370000,0x000000002d470000)]
  0x000000001ae9f800 JavaThread "pool-58-thread-5" [_thread_blocked, id=10436, stack(0x000000002c670000,0x000000002c770000)]
  0x000000001ae96000 JavaThread "pool-58-thread-4" [_thread_blocked, id=460, stack(0x000000002a170000,0x000000002a270000)]
  0x000000001ae9a000 JavaThread "pool-58-thread-3" [_thread_blocked, id=11236, stack(0x000000002a070000,0x000000002a170000)]
  0x000000001ae9d000 JavaThread "pool-58-thread-2" [_thread_blocked, id=3452, stack(0x0000000026850000,0x0000000026950000)]
  0x000000001ae98000 JavaThread "pool-58-thread-1" [_thread_blocked, id=7732, stack(0x0000000021fe0000,0x00000000220e0000)]
  0x000000001a143000 JavaThread "Stdin handler" [_thread_blocked, id=10808, stack(0x000000001e9f0000,0x000000001eaf0000)]
  0x000000001a13a000 JavaThread "Asynchronous log dispatcher for org.gradle.launcher.daemon.server.DefaultDaemonConnection@1dfd29d6" [_thread_blocked, id=5664, stack(0x000000001bbb0000,0x000000001bcb0000)]
  0x000000001a13e800 JavaThread "Daemon worker Thread 14" [_thread_blocked, id=4580, stack(0x000000001bab0000,0x000000001bbb0000)]
  0x000000001a141000 JavaThread "Cancel handler" [_thread_blocked, id=2812, stack(0x000000001b9b0000,0x000000001bab0000)]
  0x000000001a138000 JavaThread "Handler for socket connection from /127.0.0.1:56737 to /127.0.0.1:55593" [_thread_in_native, id=4648, stack(0x000000001b8b0000,0x000000001b9b0000)]
  0x000000001a13e000 JavaThread "Daemon Thread 14" [_thread_blocked, id=2696, stack(0x0000000001170000,0x0000000001270000)]
  0x000000001c975800 JavaThread "stdout" daemon [_thread_in_native, id=8864, stack(0x000000002d270000,0x000000002d370000)]
  0x000000001c96f000 JavaThread "stderr" daemon [_thread_in_native, id=9580, stack(0x000000002d170000,0x000000002d270000)]
  0x000000001c973800 JavaThread "stdout" daemon [_thread_in_native, id=4488, stack(0x000000002d070000,0x000000002d170000)]
  0x000000001c96e000 JavaThread "stderr" daemon [_thread_in_native, id=5104, stack(0x000000002cf70000,0x000000002d070000)]
  0x000000001c972800 JavaThread "stdout" daemon [_thread_in_native, id=10360, stack(0x000000002ce70000,0x000000002cf70000)]
  0x000000001c96c800 JavaThread "stderr" daemon [_thread_in_native, id=2332, stack(0x000000002cd70000,0x000000002ce70000)]
  0x000000001c96b800 JavaThread "stdout" daemon [_thread_in_native, id=7636, stack(0x000000002cc70000,0x000000002cd70000)]
  0x000000001c96d800 JavaThread "stderr" daemon [_thread_in_native, id=9708, stack(0x000000002cb70000,0x000000002cc70000)]
  0x000000001c970800 JavaThread "stdout" daemon [_thread_in_native, id=1492, stack(0x000000002ca70000,0x000000002cb70000)]
  0x000000001c968000 JavaThread "stderr" daemon [_thread_in_native, id=3604, stack(0x000000002c970000,0x000000002ca70000)]
  0x000000001c96b000 JavaThread "stdout" daemon [_thread_in_native, id=6620, stack(0x000000002c870000,0x000000002c970000)]
  0x000000001c96a000 JavaThread "stderr" daemon [_thread_in_native, id=9784, stack(0x000000002c770000,0x000000002c870000)]
  0x000000001c967000 JavaThread "stdout" daemon [_thread_in_native, id=3972, stack(0x000000002c570000,0x000000002c670000)]
  0x000000001c968800 JavaThread "stderr" daemon [_thread_in_native, id=4856, stack(0x000000002c470000,0x000000002c570000)]
  0x000000001c966800 JavaThread "stdout" daemon [_thread_in_native, id=8760, stack(0x000000002c370000,0x000000002c470000)]
  0x00000000258f3000 JavaThread "stderr" daemon [_thread_in_native, id=9544, stack(0x000000002c270000,0x000000002c370000)]
  0x00000000258f2000 JavaThread "stdout" daemon [_thread_in_native, id=9356, stack(0x000000002c170000,0x000000002c270000)]
  0x00000000258f7800 JavaThread "stderr" daemon [_thread_in_native, id=5848, stack(0x000000002c070000,0x000000002c170000)]
  0x00000000258f4800 JavaThread "stdout" daemon [_thread_in_native, id=1448, stack(0x000000002bf70000,0x000000002c070000)]
  0x00000000258f6000 JavaThread "stderr" daemon [_thread_in_native, id=1600, stack(0x000000002be70000,0x000000002bf70000)]
  0x00000000258f6800 JavaThread "stdout" daemon [_thread_in_native, id=1556, stack(0x000000002bd70000,0x000000002be70000)]
  0x00000000258f3800 JavaThread "stderr" daemon [_thread_in_native, id=3576, stack(0x000000002bc70000,0x000000002bd70000)]
  0x00000000258f5000 JavaThread "png-cruncher_16" daemon [_thread_blocked, id=9200, stack(0x000000002bb70000,0x000000002bc70000)]
  0x00000000258ea800 JavaThread "png-cruncher_15" daemon [_thread_blocked, id=10236, stack(0x000000002ba70000,0x000000002bb70000)]
  0x00000000258f1800 JavaThread "png-cruncher_14" daemon [_thread_blocked, id=9100, stack(0x000000002b970000,0x000000002ba70000)]
  0x00000000258ea000 JavaThread "png-cruncher_13" daemon [_thread_blocked, id=7476, stack(0x000000002b870000,0x000000002b970000)]
  0x00000000258f0800 JavaThread "png-cruncher_12" daemon [_thread_blocked, id=10948, stack(0x000000002b770000,0x000000002b870000)]
  0x00000000258f0000 JavaThread "png-cruncher_11" daemon [_thread_blocked, id=10276, stack(0x000000002b670000,0x000000002b770000)]
  0x00000000258ed800 JavaThread "png-cruncher_10" daemon [_thread_blocked, id=6152, stack(0x000000002b570000,0x000000002b670000)]
  0x00000000258ef000 JavaThread "png-cruncher_9" daemon [_thread_blocked, id=4476, stack(0x000000002b470000,0x000000002b570000)]
  0x00000000258ed000 JavaThread "stdout" daemon [_thread_in_native, id=4224, stack(0x000000002b370000,0x000000002b470000)]
  0x00000000258eb800 JavaThread "stderr" daemon [_thread_in_native, id=10364, stack(0x000000002b270000,0x000000002b370000)]
  0x00000000258ee800 JavaThread "stdout" daemon [_thread_in_native, id=8812, stack(0x000000002b170000,0x000000002b270000)]
  0x00000000258e9000 JavaThread "stderr" daemon [_thread_in_native, id=9192, stack(0x000000002b070000,0x000000002b170000)]
  0x00000000258ec000 JavaThread "stdout" daemon [_thread_in_native, id=4316, stack(0x000000002af70000,0x000000002b070000)]
  0x00000000258e8000 JavaThread "stderr" daemon [_thread_in_native, id=10880, stack(0x000000002ae70000,0x000000002af70000)]
  0x0000000020150800 JavaThread "stdout" daemon [_thread_in_native, id=3796, stack(0x000000002ad70000,0x000000002ae70000)]
  0x0000000020157800 JavaThread "stderr" daemon [_thread_in_native, id=1856, stack(0x000000002ac70000,0x000000002ad70000)]
  0x0000000020153800 JavaThread "stdout" daemon [_thread_in_native, id=10356, stack(0x000000002ab70000,0x000000002ac70000)]
  0x0000000020155000 JavaThread "stderr" daemon [_thread_in_native, id=2340, stack(0x000000002aa70000,0x000000002ab70000)]
  0x0000000020153000 JavaThread "png-cruncher_8" daemon [_thread_blocked, id=10424, stack(0x000000002a970000,0x000000002aa70000)]
  0x0000000020152000 JavaThread "png-cruncher_7" daemon [_thread_blocked, id=8216, stack(0x000000002a870000,0x000000002a970000)]
  0x0000000020151800 JavaThread "png-cruncher_6" daemon [_thread_blocked, id=1188, stack(0x000000002a770000,0x000000002a870000)]
  0x0000000020156800 JavaThread "png-cruncher_5" daemon [_thread_blocked, id=948, stack(0x000000002a670000,0x000000002a770000)]
  0x0000000020156000 JavaThread "png-cruncher_4" daemon [_thread_blocked, id=9960, stack(0x000000002a570000,0x000000002a670000)]
  0x0000000020154800 JavaThread "png-cruncher_3" daemon [_thread_blocked, id=5316, stack(0x000000002a470000,0x000000002a570000)]
  0x000000001a132000 JavaThread "png-cruncher_2" daemon [_thread_blocked, id=11176, stack(0x000000002a370000,0x000000002a470000)]
  0x000000001e902000 JavaThread "png-cruncher_1" daemon [_thread_blocked, id=10108, stack(0x000000002a270000,0x000000002a370000)]
  0x000000001a137000 JavaThread "stdout" daemon [_thread_in_native, id=7292, stack(0x0000000028e70000,0x0000000028f70000)]
  0x000000001a139800 JavaThread "stdout" daemon [_thread_in_native, id=10660, stack(0x0000000028d70000,0x0000000028e70000)]
  0x000000001a138800 JavaThread "stdout" daemon [_thread_in_native, id=10628, stack(0x0000000028c70000,0x0000000028d70000)]
  0x000000001a136800 JavaThread "stderr" daemon [_thread_in_native, id=8220, stack(0x0000000028b70000,0x0000000028c70000)]
  0x000000001a13d000 JavaThread "stdout" daemon [_thread_in_native, id=10816, stack(0x0000000028a70000,0x0000000028b70000)]
  0x000000001a135800 JavaThread "stdout" daemon [_thread_in_native, id=10556, stack(0x0000000028970000,0x0000000028a70000)]
  0x000000001a13c800 JavaThread "stdout" daemon [_thread_in_native, id=10724, stack(0x0000000028870000,0x0000000028970000)]
  0x000000001a13b000 JavaThread "stderr" daemon [_thread_in_native, id=10888, stack(0x0000000028770000,0x0000000028870000)]
  0x000000001a135000 JavaThread "stderr" daemon [_thread_in_native, id=8824, stack(0x0000000028670000,0x0000000028770000)]
  0x000000001a13b800 JavaThread "stderr" daemon [_thread_in_native, id=3784, stack(0x0000000028570000,0x0000000028670000)]
  0x000000001a134000 JavaThread "stdout" daemon [_thread_in_native, id=940, stack(0x0000000028470000,0x0000000028570000)]
  0x000000001e8fd800 JavaThread "stderr" daemon [_thread_in_native, id=9020, stack(0x0000000028370000,0x0000000028470000)]
  0x000000001e903000 JavaThread "stderr" daemon [_thread_in_native, id=7400, stack(0x0000000028270000,0x0000000028370000)]
  0x000000001e904800 JavaThread "stdout" daemon [_thread_in_native, id=1172, stack(0x0000000028170000,0x0000000028270000)]
  0x000000001a12f000 JavaThread "stderr" daemon [_thread_in_native, id=10624, stack(0x0000000028070000,0x0000000028170000)]
  0x000000001a12c000 JavaThread "stderr" daemon [_thread_in_native, id=4200, stack(0x0000000027f70000,0x0000000028070000)]
  0x000000001a133000 JavaThread "png-cruncher_8" daemon [_thread_blocked, id=6332, stack(0x0000000027e70000,0x0000000027f70000)]
  0x000000001aea3000 JavaThread "png-cruncher_7" daemon [_thread_blocked, id=4508, stack(0x0000000027d70000,0x0000000027e70000)]
  0x000000001ae9e800 JavaThread "png-cruncher_6" daemon [_thread_blocked, id=10156, stack(0x0000000027c70000,0x0000000027d70000)]
  0x000000001aea5800 JavaThread "png-cruncher_5" daemon [_thread_blocked, id=7948, stack(0x0000000027b70000,0x0000000027c70000)]
  0x000000001aea1800 JavaThread "png-cruncher_4" daemon [_thread_blocked, id=4080, stack(0x0000000026a50000,0x0000000026b50000)]
  0x000000001aea1000 JavaThread "png-cruncher_3" daemon [_thread_blocked, id=7860, stack(0x0000000026950000,0x0000000026a50000)]
  0x000000001aea4800 JavaThread "png-cruncher_2" daemon [_thread_blocked, id=10996, stack(0x000000001d880000,0x000000001d980000)]
  0x000000001aea2800 JavaThread "png-cruncher_1" daemon [_thread_blocked, id=8, stack(0x000000001bcf0000,0x000000001bdf0000)]
  0x000000001c6af800 JavaThread "File lock request listener" [_thread_in_native, id=5872, stack(0x000000001d580000,0x000000001d680000)]
  0x000000001aa8b800 JavaThread "pool-1-thread-1" [_thread_blocked, id=8836, stack(0x000000001b7b0000,0x000000001b8b0000)]
  0x000000001aa69800 JavaThread "Incoming local TCP Connector on port 56737" [_thread_in_native, id=7052, stack(0x000000001b440000,0x000000001b540000)]
  0x0000000019039000 JavaThread "Service Thread" daemon [_thread_blocked, id=4308, stack(0x0000000019a10000,0x0000000019b10000)]
  0x0000000018fac000 JavaThread "C1 CompilerThread3" daemon [_thread_in_native, id=10128, stack(0x0000000019910000,0x0000000019a10000)]
  0x0000000018f9e800 JavaThread "C2 CompilerThread2" daemon [_thread_in_native, id=6504, stack(0x0000000019810000,0x0000000019910000)]
  0x0000000018f99000 JavaThread "C2 CompilerThread1" daemon [_thread_in_native, id=5128, stack(0x0000000019710000,0x0000000019810000)]
=>0x0000000018f98000 JavaThread "C2 CompilerThread0" daemon [_thread_in_native, id=392, stack(0x0000000019610000,0x0000000019710000)]
  0x0000000018f97000 JavaThread "Attach Listener" daemon [_thread_blocked, id=8728, stack(0x0000000019510000,0x0000000019610000)]
  0x0000000018f96800 JavaThread "Signal Dispatcher" daemon [_thread_blocked, id=6824, stack(0x0000000019410000,0x0000000019510000)]
  0x000000000325d800 JavaThread "Finalizer" daemon [_thread_blocked, id=4352, stack(0x0000000019310000,0x0000000019410000)]
  0x0000000003255000 JavaThread "Reference Handler" daemon [_thread_blocked, id=7344, stack(0x0000000018e10000,0x0000000018f10000)]
  0x0000000003160800 JavaThread "main" [_thread_blocked, id=7320, stack(0x0000000003060000,0x0000000003160000)]

Other Threads:
  0x0000000017017000 VMThread [stack: 0x0000000018d10000,0x0000000018e10000] [id=9420]
  0x0000000018fd8000 WatcherThread [stack: 0x0000000019b10000,0x0000000019c10000] [id=7512]

VM state:not at safepoint (normal execution)

VM Mutex/Monitor currently owned by a thread:  ([mutex/lock_event])
[0x000000000305aff0] CodeCache_lock - owner thread: 0x0000000018fac000
[0x000000000305cdd0] Compile_lock - owner thread: 0x0000000018fac000
[0x000000000305d750] MethodCompileQueue_lock - owner thread: 0x0000000018fac000

Heap:
 PSYoungGen      total 329216K, used 311207K [0x00000000e0000000, 0x00000000fae00000, 0x0000000100000000)
  eden space 265216K, 93% used [0x00000000e0000000,0x00000000ef170798,0x00000000f0300000)
  from space 64000K, 99% used [0x00000000f4c80000,0x00000000f8af94c0,0x00000000f8b00000)
  to   space 75264K, 0% used [0x00000000f0300000,0x00000000f0300000,0x00000000f4c80000)
 ParOldGen       total 1048576K, used 69944K [0x00000000a0000000, 0x00000000e0000000, 0x00000000e0000000)
  object space 1048576K, 6% used [0x00000000a0000000,0x00000000a444e0f0,0x00000000e0000000)
 Metaspace       used 84052K, capacity 92950K, committed 99248K, reserved 1136640K
  class space    used 10764K, capacity 11662K, committed 12976K, reserved 1048576K

Card table byte_map: [0x0000000012620000,0x0000000012930000] byte_map_base: 0x0000000012120000

Marking Bits: (ParMarkBitMap*) 0x0000000068d19d00
 Begin Bits: [0x0000000013330000, 0x0000000014b30000)
 End Bits:   [0x0000000014b30000, 0x0000000016330000)

Polling page: 0x0000000001500000

CodeCache: size=245760Kb used=66541Kb max_used=66541Kb free=179218Kb
 bounds [0x0000000003260000, 0x00000000073c0000, 0x0000000012260000]
 total_blobs=18981 nmethods=18168 adapters=721
 compilation: enabled

Compilation events (10 events):
Event: 8279.015 Thread 0x0000000018fac000 nmethod 24739 0x000000000737c5d0 code [0x000000000737c740, 0x000000000737c948]
Event: 8279.015 Thread 0x0000000018fac000 24754       2       com.android.dx.dex.file.DebugInfoEncoder::convert0 (246 bytes)
Event: 8279.017 Thread 0x0000000018fac000 nmethod 24754 0x000000000737ca10 code [0x000000000737cce0, 0x000000000737da78]
Event: 8279.017 Thread 0x0000000018fac000 24750       2       com.android.dx.dex.file.DebugInfoEncoder$2::compare (13 bytes)
Event: 8279.017 Thread 0x0000000018fac000 nmethod 24750 0x000000000737ebd0 code [0x000000000737ed40, 0x000000000737ef10]
Event: 8279.017 Thread 0x0000000018fac000 24751       2       com.android.dx.dex.file.DebugInfoEncoder$2::compare (10 bytes)
Event: 8279.017 Thread 0x0000000018fac000 nmethod 24751 0x000000000737f0d0 code [0x000000000737f220, 0x000000000737f390]
Event: 8279.017 Thread 0x0000000018fac000 24740       2       com.android.dx.util.ByteArrayAnnotatedOutput::toByteArray (23 bytes)
Event: 8279.017 Thread 0x0000000018fac000 nmethod 24740 0x000000000737f4d0 code [0x000000000737f640, 0x000000000737f8c8]
Event: 8279.017 Thread 0x0000000018fac000 24762       2       com.android.dx.dex.file.DebugInfoEncoder::emitHeader (530 bytes)

GC Heap History (10 events):
Event: 8255.862 GC heap before
{Heap before GC invocations=716 (full 41):
 PSYoungGen      total 358912K, used 295244K [0x00000000e0000000, 0x00000000fa480000, 0x0000000100000000)
  eden space 285696K, 100% used [0x00000000e0000000,0x00000000f1700000,0x00000000f1700000)
  from space 73216K, 13% used [0x00000000f1700000,0x00000000f2053148,0x00000000f5e80000)
  to   space 71680K, 0% used [0x00000000f5e80000,0x00000000f5e80000,0x00000000fa480000)
 ParOldGen       total 1048576K, used 67607K [0x00000000a0000000, 0x00000000e0000000, 0x00000000e0000000)
  object space 1048576K, 6% used [0x00000000a0000000,0x00000000a4205f00,0x00000000e0000000)
 Metaspace       used 74212K, capacity 82862K, committed 90416K, reserved 1126400K
  class space    used 9679K, capacity 10552K, committed 12848K, reserved 1048576K
Event: 8255.891 GC heap after
Heap after GC invocations=716 (full 41):
 PSYoungGen      total 339456K, used 19123K [0x00000000e0000000, 0x00000000f9700000, 0x0000000100000000)
  eden space 281600K, 0% used [0x00000000e0000000,0x00000000e0000000,0x00000000f1300000)
  from space 57856K, 33% used [0x00000000f5e80000,0x00000000f712cdf8,0x00000000f9700000)
  to   space 67584K, 0% used [0x00000000f1300000,0x00000000f1300000,0x00000000f5500000)
 ParOldGen       total 1048576K, used 67615K [0x00000000a0000000, 0x00000000e0000000, 0x00000000e0000000)
  object space 1048576K, 6% used [0x00000000a0000000,0x00000000a4207f00,0x00000000e0000000)
 Metaspace       used 74212K, capacity 82862K, committed 90416K, reserved 1126400K
  class space    used 9679K, capacity 10552K, committed 12848K, reserved 1048576K
}
Event: 8260.122 GC heap before
{Heap before GC invocations=717 (full 41):
 PSYoungGen      total 339456K, used 300723K [0x00000000e0000000, 0x00000000f9700000, 0x0000000100000000)
  eden space 281600K, 100% used [0x00000000e0000000,0x00000000f1300000,0x00000000f1300000)
  from space 57856K, 33% used [0x00000000f5e80000,0x00000000f712cdf8,0x00000000f9700000)
  to   space 67584K, 0% used [0x00000000f1300000,0x00000000f1300000,0x00000000f5500000)
 ParOldGen       total 1048576K, used 67615K [0x00000000a0000000, 0x00000000e0000000, 0x00000000e0000000)
  object space 1048576K, 6% used [0x00000000a0000000,0x00000000a4207f00,0x00000000e0000000)
 Metaspace       used 79420K, capacity 88084K, committed 95024K, reserved 1132544K
  class space    used 10298K, capacity 11161K, committed 12848K, reserved 1048576K
Event: 8260.137 GC heap after
Heap after GC invocations=717 (full 41):
 PSYoungGen      total 297472K, used 19489K [0x00000000e0000000, 0x00000000f8c00000, 0x0000000100000000)
  eden space 277504K, 0% used [0x00000000e0000000,0x00000000e0000000,0x00000000f0f00000)
  from space 19968K, 97% used [0x00000000f1300000,0x00000000f26087a0,0x00000000f2680000)
  to   space 64000K, 0% used [0x00000000f4d80000,0x00000000f4d80000,0x00000000f8c00000)
 ParOldGen       total 1048576K, used 67631K [0x00000000a0000000, 0x00000000e0000000, 0x00000000e0000000)
  object space 1048576K, 6% used [0x00000000a0000000,0x00000000a420bf00,0x00000000e0000000)
 Metaspace       used 79420K, capacity 88084K, committed 95024K, reserved 1132544K
  class space    used 10298K, capacity 11161K, committed 12848K, reserved 1048576K
}
Event: 8276.708 GC heap before
{Heap before GC invocations=718 (full 41):
 PSYoungGen      total 297472K, used 296571K [0x00000000e0000000, 0x00000000f8c00000, 0x0000000100000000)
  eden space 277504K, 99% used [0x00000000e0000000,0x00000000f0e967c8,0x00000000f0f00000)
  from space 19968K, 97% used [0x00000000f1300000,0x00000000f26087a0,0x00000000f2680000)
  to   space 64000K, 0% used [0x00000000f4d80000,0x00000000f4d80000,0x00000000f8c00000)
 ParOldGen       total 1048576K, used 67631K [0x00000000a0000000, 0x00000000e0000000, 0x00000000e0000000)
  object space 1048576K, 6% used [0x00000000a0000000,0x00000000a420bf00,0x00000000e0000000)
 Metaspace       used 80156K, capacity 88910K, committed 95536K, reserved 1132544K
  class space    used 10413K, capacity 11294K, committed 12848K, reserved 1048576K
Event: 8276.728 GC heap after
Heap after GC invocations=718 (full 41):
 PSYoungGen      total 327168K, used 21535K [0x00000000e0000000, 0x00000000f8180000, 0x0000000100000000)
  eden space 273920K, 0% used [0x00000000e0000000,0x00000000e0000000,0x00000000f0b80000)
  from space 53248K, 40% used [0x00000000f4d80000,0x00000000f6287ca0,0x00000000f8180000)
  to   space 60416K, 0% used [0x00000000f0b80000,0x00000000f0b80000,0x00000000f4680000)
 ParOldGen       total 1048576K, used 67639K [0x00000000a0000000, 0x00000000e0000000, 0x00000000e0000000)
  object space 1048576K, 6% used [0x00000000a0000000,0x00000000a420df00,0x00000000e0000000)
 Metaspace       used 80156K, capacity 88910K, committed 95536K, reserved 1132544K
  class space    used 10413K, capacity 11294K, committed 12848K, reserved 1048576K
}
Event: 8278.173 GC heap before
{Heap before GC invocations=719 (full 41):
 PSYoungGen      total 327168K, used 295455K [0x00000000e0000000, 0x00000000f8180000, 0x0000000100000000)
  eden space 273920K, 100% used [0x00000000e0000000,0x00000000f0b80000,0x00000000f0b80000)
  from space 53248K, 40% used [0x00000000f4d80000,0x00000000f6287ca0,0x00000000f8180000)
  to   space 60416K, 0% used [0x00000000f0b80000,0x00000000f0b80000,0x00000000f4680000)
 ParOldGen       total 1048576K, used 67639K [0x00000000a0000000, 0x00000000e0000000, 0x00000000e0000000)
  object space 1048576K, 6% used [0x00000000a0000000,0x00000000a420df00,0x00000000e0000000)
 Metaspace       used 83537K, capacity 92438K, committed 98736K, reserved 1134592K
  class space    used 10761K, capacity 11662K, committed 12976K, reserved 1048576K
Event: 8278.208 GC heap after
Heap after GC invocations=719 (full 41):
 PSYoungGen      total 334336K, used 43466K [0x00000000e0000000, 0x00000000f8b00000, 0x0000000100000000)
  eden space 273920K, 0% used [0x00000000e0000000,0x00000000e0000000,0x00000000f0b80000)
  from space 60416K, 71% used [0x00000000f0b80000,0x00000000f35f2b60,0x00000000f4680000)
  to   space 64000K, 0% used [0x00000000f4c80000,0x00000000f4c80000,0x00000000f8b00000)
 ParOldGen       total 1048576K, used 67647K [0x00000000a0000000, 0x00000000e0000000, 0x00000000e0000000)
  object space 1048576K, 6% used [0x00000000a0000000,0x00000000a420ff00,0x00000000e0000000)
 Metaspace       used 83537K, capacity 92438K, committed 98736K, reserved 1134592K
  class space    used 10761K, capacity 11662K, committed 12976K, reserved 1048576K
}
Event: 8278.545 GC heap before
{Heap before GC invocations=720 (full 41):
 PSYoungGen      total 334336K, used 317386K [0x00000000e0000000, 0x00000000f8b00000, 0x0000000100000000)
  eden space 273920K, 100% used [0x00000000e0000000,0x00000000f0b80000,0x00000000f0b80000)
  from space 60416K, 71% used [0x00000000f0b80000,0x00000000f35f2b60,0x00000000f4680000)
  to   space 64000K, 0% used [0x00000000f4c80000,0x00000000f4c80000,0x00000000f8b00000)
 ParOldGen       total 1048576K, used 67647K [0x00000000a0000000, 0x00000000e0000000, 0x00000000e0000000)
  object space 1048576K, 6% used [0x00000000a0000000,0x00000000a420ff00,0x00000000e0000000)
 Metaspace       used 83719K, capacity 92630K, committed 98992K, reserved 1134592K
  class space    used 10764K, capacity 11662K, committed 12976K, reserved 1048576K
Event: 8278.652 GC heap after
Heap after GC invocations=720 (full 41):
 PSYoungGen      total 329216K, used 63973K [0x00000000e0000000, 0x00000000fae00000, 0x0000000100000000)
  eden space 265216K, 0% used [0x00000000e0000000,0x00000000e0000000,0x00000000f0300000)
  from space 64000K, 99% used [0x00000000f4c80000,0x00000000f8af94c0,0x00000000f8b00000)
  to   space 75264K, 0% used [0x00000000f0300000,0x00000000f0300000,0x00000000f4c80000)
 ParOldGen       total 1048576K, used 69944K [0x00000000a0000000, 0x00000000e0000000, 0x00000000e0000000)
  object space 1048576K, 6% used [0x00000000a0000000,0x00000000a444e0f0,0x00000000e0000000)
 Metaspace       used 83719K, capacity 92630K, committed 98992K, reserved 1134592K
  class space    used 10764K, capacity 11662K, committed 12976K, reserved 1048576K
}

Deoptimization events (10 events):
Event: 8278.728 Thread 0x0000000023037000 Uncommon trap: reason=unstable_if action=reinterpret pc=0x0000000005e3e5a0 method=java.util.concurrent.ConcurrentHashMap.putVal(Ljava/lang/Object;Ljava/lang/Object;Z)Ljava/lang/Object; @ 288
Event: 8278.739 Thread 0x000000002303d000 Uncommon trap: reason=unstable_if action=reinterpret pc=0x0000000004994d80 method=com.android.dx.util.BitIntSet.has(I)Z @ 8
Event: 8278.829 Thread 0x0000000023037000 Uncommon trap: reason=class_check action=maybe_recompile pc=0x00000000068af6bc method=com.android.dx.ssa.back.FirstFitLocalCombiningAllocator.findNextUnreservedRopReg(IILcom/android/dx/ssa/back/FirstFitLocalCombiningAllocator$Alignment;)I @ 60
Event: 8278.845 Thread 0x000000001ec62000 Uncommon trap: reason=class_check action=maybe_recompile pc=0x00000000068af6bc method=com.android.dx.ssa.back.FirstFitLocalCombiningAllocator.findNextUnreservedRopReg(IILcom/android/dx/ssa/back/FirstFitLocalCombiningAllocator$Alignment;)I @ 60
Event: 8278.845 Thread 0x000000001ec62000 Uncommon trap: reason=class_check action=maybe_recompile pc=0x00000000068af6bc method=com.android.dx.ssa.back.FirstFitLocalCombiningAllocator.findNextUnreservedRopReg(IILcom/android/dx/ssa/back/FirstFitLocalCombiningAllocator$Alignment;)I @ 60
Event: 8278.845 Thread 0x000000001ec62000 Uncommon trap: reason=class_check action=maybe_recompile pc=0x00000000068af6bc method=com.android.dx.ssa.back.FirstFitLocalCombiningAllocator.findNextUnreservedRopReg(IILcom/android/dx/ssa/back/FirstFitLocalCombiningAllocator$Alignment;)I @ 60
Event: 8278.851 Thread 0x0000000023037000 Uncommon trap: reason=unstable_if action=reinterpret pc=0x0000000007208fd0 method=com.android.dx.cf.code.ByteCatchList.listFor(I)Lcom/android/dx/cf/code/ByteCatchList; @ 47
Event: 8278.899 Thread 0x000000001ec5f800 Uncommon trap: reason=unstable_if action=reinterpret pc=0x000000000722d4e8 method=com.android.dx.rop.code.RegisterSpecSet.equals(Ljava/lang/Object;)Z @ 30
Event: 8278.936 Thread 0x000000001ec5f800 Uncommon trap: reason=array_check action=maybe_recompile pc=0x0000000006bd3690 method=java.util.ComparableTimSort.mergeHi(IIII)V @ 171
Event: 8279.007 Thread 0x000000001ec60800 Uncommon trap: reason=unstable_if action=reinterpret pc=0x00000000062176e0 method=java.util.TimSort.mergeCollapse()V @ 61

Internal exceptions (10 events):
Event: 8257.342 Thread 0x000000001a13e800 Implicit null exception at 0x0000000006a92b4c to 0x0000000006a92f1f
Event: 8257.353 Thread 0x000000001a13e800 Implicit null exception at 0x0000000005f48aa0 to 0x0000000005f48e8f
Event: 8276.342 Thread 0x000000001a13e800 Implicit null exception at 0x0000000004e8f8fd to 0x0000000004e8fd59
Event: 8276.771 Thread 0x000000001a13e800 Exception <a 'java/io/FileNotFoundException'> (0x00000000e5db96d0) thrown at [C:\src\android\AOSP-openjdk\external\jetbrains\jdk\hotspot\src\share\vm\prims\jni.cpp, line 709]
Event: 8276.794 Thread 0x000000001a13e800 Implicit null exception at 0x000000000685f3c5 to 0x000000000685fee5
Event: 8276.795 Thread 0x000000001a13e800 Implicit null exception at 0x000000000683fb84 to 0x000000000683fe21
Event: 8276.795 Thread 0x000000001a13e800 Implicit null exception at 0x00000000068af8ce to 0x00000000068b0aad
Event: 8277.802 Thread 0x0000000023037000 Implicit null exception at 0x0000000007037ee5 to 0x0000000007038a25
Event: 8277.831 Thread 0x000000001ec62800 Implicit null exception at 0x00000000035aabe2 to 0x00000000035aacda
Event: 8278.728 Thread 0x0000000023037000 Implicit null exception at 0x0000000005e3de18 to 0x0000000005e3e56d

Events (10 events):
Event: 8278.988 Thread 0x000000001ec62800 DEOPT UNPACKING pc=0x00000000032a75bf sp=0x000000002f86e870 mode 0
Event: 8278.991 Thread 0x000000001ec62800 DEOPT PACKING pc=0x000000000705fbb8 sp=0x000000002f86ebf0
Event: 8278.991 Thread 0x000000001ec62800 DEOPT UNPACKING pc=0x00000000032a75bf sp=0x000000002f86e928 mode 0
Event: 8279.006 Thread 0x000000001ec62800 DEOPT PACKING pc=0x000000000703696c sp=0x000000002f86e9b0
Event: 8279.006 Thread 0x000000001ec62800 DEOPT UNPACKING pc=0x00000000032a75bf sp=0x000000002f86e790 mode 0
Event: 8279.007 Thread 0x000000001ec60800 Uncommon trap: trap_request=0xffffff65 fr.pc=0x00000000062176e0
Event: 8279.007 Thread 0x000000001ec60800 DEOPT PACKING pc=0x00000000062176e0 sp=0x000000002f66ee30
Event: 8279.007 Thread 0x000000001ec60800 DEOPT UNPACKING pc=0x00000000032a556a sp=0x000000002f66eda0 mode 2
Event: 8279.014 Thread 0x000000001ec65800 DEOPT PACKING pc=0x00000000049f526e sp=0x000000003049e520
Event: 8279.014 Thread 0x000000001ec65800 DEOPT UNPACKING pc=0x00000000032a75bf sp=0x000000003049e240 mode 0


Dynamic libraries:
0x00007ff66b630000 - 0x00007ff66b661000 	E:\Android\AndroidStudio\jre\bin\java.exe
0x00007ffd2d750000 - 0x00007ffd2d912000 	C:\Windows\SYSTEM32\ntdll.dll
0x00007ffd2d130000 - 0x00007ffd2d1dd000 	C:\Windows\system32\KERNEL32.DLL
0x00007ffd2ab80000 - 0x00007ffd2ad5d000 	C:\Windows\system32\KERNELBASE.dll
0x00007ffd2ae90000 - 0x00007ffd2af36000 	C:\Windows\system32\ADVAPI32.dll
0x00007ffd2b110000 - 0x00007ffd2b1ad000 	C:\Windows\system32\msvcrt.dll
0x00007ffd2cde0000 - 0x00007ffd2ce3b000 	C:\Windows\system32\sechost.dll
0x00007ffd2ccb0000 - 0x00007ffd2cdd6000 	C:\Windows\system32\RPCRT4.dll
0x00007ffd2cfe0000 - 0x00007ffd2d12e000 	C:\Windows\system32\USER32.dll
0x00007ffd2ce40000 - 0x00007ffd2cfc5000 	C:\Windows\system32\GDI32.dll
0x00007ffd1d900000 - 0x00007ffd1db74000 	C:\Windows\WinSxS\amd64_microsoft.windows.common-controls_6595b64144ccf1df_6.0.10240.16384_none_f41f7b285750ef43\COMCTL32.dll
0x00007ffd2af40000 - 0x00007ffd2af76000 	C:\Windows\system32\IMM32.DLL
0x00007ffd2c9f0000 - 0x00007ffd2cb4c000 	C:\Windows\system32\MSCTF.dll
0x00000000683a0000 - 0x0000000068472000 	E:\Android\AndroidStudio\jre\jre\bin\msvcr100.dll
0x0000000068560000 - 0x0000000068d94000 	E:\Android\AndroidStudio\jre\jre\bin\server\jvm.dll
0x00007ffd2ae80000 - 0x00007ffd2ae88000 	C:\Windows\system32\PSAPI.DLL
0x00007ffd28870000 - 0x00007ffd28879000 	C:\Windows\SYSTEM32\WSOCK32.dll
0x00007ffd27e50000 - 0x00007ffd27e73000 	C:\Windows\SYSTEM32\WINMM.dll
0x00007ffd27860000 - 0x00007ffd2786a000 	C:\Windows\SYSTEM32\VERSION.dll
0x00007ffd2b1b0000 - 0x00007ffd2b219000 	C:\Windows\system32\WS2_32.dll
0x00007ffd2cfd0000 - 0x00007ffd2cfd8000 	C:\Windows\system32\NSI.dll
0x00007ffd27df0000 - 0x00007ffd27e1c000 	C:\Windows\SYSTEM32\WINMMBASE.dll
0x00007ffd2a450000 - 0x00007ffd2a494000 	C:\Windows\system32\cfgmgr32.dll
0x00007ffd28ad0000 - 0x00007ffd28af7000 	C:\Windows\SYSTEM32\DEVOBJ.dll
0x00007ffd28860000 - 0x00007ffd2886f000 	E:\Android\AndroidStudio\jre\jre\bin\verify.dll
0x00007ffd259f0000 - 0x00007ffd25a19000 	E:\Android\AndroidStudio\jre\jre\bin\java.dll
0x00007ffd28840000 - 0x00007ffd28856000 	E:\Android\AndroidStudio\jre\jre\bin\zip.dll
0x00007ffd2b4c0000 - 0x00007ffd2c9e3000 	C:\Windows\system32\SHELL32.dll
0x00007ffd2a550000 - 0x00007ffd2ab79000 	C:\Windows\system32\windows.storage.dll
0x00007ffd2d470000 - 0x00007ffd2d6ec000 	C:\Windows\system32\combase.dll
0x00007ffd2ae20000 - 0x00007ffd2ae71000 	C:\Windows\system32\shlwapi.dll
0x00007ffd2a1f0000 - 0x00007ffd2a1ff000 	C:\Windows\system32\kernel.appcore.dll
0x00007ffd2ad60000 - 0x00007ffd2ae13000 	C:\Windows\system32\shcore.dll
0x00007ffd2a1a0000 - 0x00007ffd2a1ea000 	C:\Windows\system32\powrprof.dll
0x00007ffd2a200000 - 0x00007ffd2a213000 	C:\Windows\system32\profapi.dll
0x00007ffd205a0000 - 0x00007ffd205ba000 	E:\Android\AndroidStudio\jre\jre\bin\net.dll
0x00007ffd299d0000 - 0x00007ffd29a2d000 	C:\Windows\system32\mswsock.dll
0x00007ffd20580000 - 0x00007ffd20591000 	E:\Android\AndroidStudio\jre\jre\bin\nio.dll
0x00007ffd125b0000 - 0x00007ffd125c2000 	C:\Users\Administrator\.gradle\native\19\windows-amd64\native-platform.dll
0x00007ffd29a30000 - 0x00007ffd29a47000 	C:\Windows\SYSTEM32\CRYPTSP.dll
0x00007ffd29e20000 - 0x00007ffd29e48000 	C:\Windows\SYSTEM32\bcrypt.dll
0x00007ffd29680000 - 0x00007ffd296b3000 	C:\Windows\system32\rsaenh.dll
0x00007ffd297b0000 - 0x00007ffd297cf000 	C:\Windows\SYSTEM32\USERENV.dll
0x00007ffd29fd0000 - 0x00007ffd2a03b000 	C:\Windows\system32\bcryptprimitives.dll
0x00007ffd29ba0000 - 0x00007ffd29bab000 	C:\Windows\SYSTEM32\CRYPTBASE.dll
0x00007ffd287b0000 - 0x00007ffd287e8000 	C:\Windows\SYSTEM32\IPHLPAPI.DLL
0x00007ffd28750000 - 0x00007ffd2875b000 	C:\Windows\SYSTEM32\WINNSI.DLL
0x00007ffd26a40000 - 0x00007ffd26a56000 	C:\Windows\SYSTEM32\dhcpcsvc6.DLL
0x00007ffd26a20000 - 0x00007ffd26a3a000 	C:\Windows\SYSTEM32\dhcpcsvc.DLL
0x00007ffd259e0000 - 0x00007ffd259ed000 	E:\Android\AndroidStudio\jre\jre\bin\management.dll
0x00007ffd288b0000 - 0x00007ffd28928000 	C:\Windows\system32\apphelp.dll
0x00007ffd1dcb0000 - 0x00007ffd1dcd4000 	E:\Android\AndroidStudio\jre\jre\bin\sunec.dll
0x00007ffd297d0000 - 0x00007ffd29878000 	C:\Windows\SYSTEM32\DNSAPI.dll
0x00007ffd24f80000 - 0x00007ffd24f8a000 	C:\Windows\System32\rasadhlp.dll
0x00007ffd25bf0000 - 0x00007ffd25c58000 	C:\Windows\System32\fwpuclnt.dll

VM Arguments:
jvm_args: -Xmx1536m -Dfile.encoding=GBK -Duser.country=CN -Duser.language=zh -Duser.variant 
java_command: org.gradle.launcher.daemon.bootstrap.GradleDaemon 2.14.1
java_class_path (initial): E:\Android\AndroidStudio\gradle\gradle-2.14.1\lib\gradle-launcher-2.14.1.jar
Launcher Type: SUN_STANDARD

Environment Variables:
JAVA_HOME=C:\Program Files\Java\jdk1.7.0_71
CLASSPATH=C:\Program Files\Java\jdk1.7.0_71\lib
PATH=.;C:\Windows\system32;C:\Windows;C:\Windows\System32\Wbem;C:\Windows\System32\WindowsPowerShell\v1.0;C:\Program Files\Java\jdk1.7.0_71\bin
USERNAME=Administrator
OS=Windows_NT
PROCESSOR_IDENTIFIER=Intel64 Family 6 Model 158 Stepping 9, GenuineIntel



---------------  S Y S T E M  ---------------

OS: Windows 10.0 , 64 bit Build 10240 (10.0.10240.16384)

CPU:total 8 (4 cores per cpu, 2 threads per core) family 6 model 158 stepping 9, cmov, cx8, fxsr, mmx, sse, sse2, sse3, ssse3, sse4.1, sse4.2, popcnt, avx, avx2, aes, clmul, erms, rtm, 3dnowpref, lzcnt, ht, tsc, tscinvbit, bmi1, bmi2, adx

Memory: 4k page, physical 8250868k(1936236k free), swap 10348020k(7336k free)

vm_info: OpenJDK 64-Bit Server VM (25.76-b03) for windows-amd64 JRE (1.8.0_76-release-b03), built on Jun 29 2016 19:09:20 by "ralucas" with MS VC++ 10.0 (VS2010)

time: Wed Mar 01 16:08:32 2017
elapsed time: 8279 seconds (0d 2h 17m 59s)

